<?xml version="1.0" encoding="UTF-8"?>
<!-- Generated by org.testng.reporters.JUnitReportReporter -->
<testsuite hostname="SunnysComputer" failures="0" tests="1" name="com.actitime.all_test_scripts.CreateNewTasksTC_351" time="31.316" errors="0" timestamp="16 Oct 2018 16:49:45 GMT" skipped="0">
  <testcase classname="com.actitime.all_test_scripts.CreateNewTasksTC_351" name="testCreateNewTasksTC_351" time="31.316"/>
</testsuite> <!-- com.actitime.all_test_scripts.CreateNewTasksTC_351 -->
