<?xml version="1.0" encoding="UTF-8"?>
<!-- Generated by org.testng.reporters.JUnitReportReporter -->
<testsuite hostname="SunnysComputer" failures="0" tests="1" name="com.actitime.all_test_scripts.TestScript3" time="23.931" errors="0" timestamp="14 Oct 2018 16:31:09 GMT" skipped="0">
  <testcase classname="com.actitime.all_test_scripts.TestScript3" name="testTestscript3" time="23.931"/>
</testsuite> <!-- com.actitime.all_test_scripts.TestScript3 -->
