<?xml version="1.0" encoding="UTF-8"?>
<!-- Generated by org.testng.reporters.JUnitReportReporter -->
<testsuite hostname="SunnysComputer" failures="0" tests="1" name="com.actitime.all_test_scripts.CreateNewProjectTC_350" time="28.041" errors="0" timestamp="16 Nov 2018 17:42:15 GMT" skipped="0">
  <testcase classname="com.actitime.all_test_scripts.CreateNewProjectTC_350" name="testCreateNewProjectTC_350" time="28.041"/>
</testsuite> <!-- com.actitime.all_test_scripts.CreateNewProjectTC_350 -->
