<?xml version="1.0" encoding="UTF-8"?>
<!-- Generated by org.testng.reporters.JUnitReportReporter -->
<testsuite hostname="SunnysComputer" failures="0" tests="1" name="com.actitime.all_test_scripts.TestScript2" time="40.265" errors="0" timestamp="14 Oct 2018 16:16:38 GMT" skipped="0">
  <testcase classname="com.actitime.all_test_scripts.TestScript2" name="testTestscript2" time="40.265"/>
</testsuite> <!-- com.actitime.all_test_scripts.TestScript2 -->
