<?xml version="1.0" encoding="UTF-8"?>
<!-- Generated by org.testng.reporters.JUnitReportReporter -->
<testsuite hostname="SunnysComputer" failures="0" tests="1" name="com.actitime.all_test_scripts.TestScript1" time="45.525" errors="0" timestamp="30 Nov 2018 15:26:41 GMT" skipped="0">
  <testcase classname="com.actitime.all_test_scripts.TestScript1" name="testTestscript1" time="45.525"/>
</testsuite> <!-- com.actitime.all_test_scripts.TestScript1 -->
